<?xml version="1.0" encoding="UTF-8"?>
<testsuite xmlns:xsi="http://www.w3.org/2001/XMLSchema-instance" xsi:noNamespaceSchemaLocation="https://maven.apache.org/surefire/maven-surefire-plugin/xsd/surefire-test-report.xsd" name="au.com.redchallenge.validate.ValidationChainMeterRecordCheckTest" time="0.017" tests="4" errors="0" skipped="0" failures="0">
  <properties>
[...]
</properties>
  <testcase name="wrongNMItFile" classname="au.com.redchallenge.validate.ValidationChainMeterRecordCheckTest" time="0.006"/>
  <testcase name="wrongEnergyUnit" classname="au.com.redchallenge.validate.ValidationChainMeterRecordCheckTest" time="0.003"/>
  <testcase name="wrongQuality" classname="au.com.redchallenge.validate.ValidationChainMeterRecordCheckTest" time="0.004"/>
  <testcase name="wrongDateFormatFile" classname="au.com.redchallenge.validate.ValidationChainMeterRecordCheckTest" time="0.003"/>
</testsuite>